<?xml version="1.0" encoding="UTF-8"?>
<!-- Generated by org.testng.reporters.JUnitXMLReporter -->
<testsuite hostname="FAYAZ" ignored="3" tests="0" failures="0" timestamp="10 May 2020 06:36:00 GMT" time="0.015" errors="0">
  <testcase name="test3" time="0.0" classname="priority.TestNGRetryFailed">
    <ignored/>
  </testcase> <!-- test3 -->
  <testcase name="test1" time="0.0" classname="priority.TestNGRetryFailed">
    <ignored/>
  </testcase> <!-- test1 -->
  <testcase name="test2" time="0.0" classname="priority.TestNGRetryFailed">
    <ignored/>
  </testcase> <!-- test2 -->
</testsuite>
