<?xml version="1.0" encoding="UTF-8"?>
<!-- Generated by org.testng.reporters.JUnitXMLReporter -->
<testsuite hostname="FAYAZ" ignored="4" tests="0" failures="0" timestamp="10 May 2020 04:39:19 GMT" time="0.025" errors="0">
  <testcase name="test1" time="0.0" classname="priority.TestNGGroups">
    <ignored/>
  </testcase> <!-- test1 -->
  <testcase name="test3" time="0.0" classname="priority.TestNGGroups">
    <ignored/>
  </testcase> <!-- test3 -->
  <testcase name="test2" time="0.0" classname="priority.TestNGGroups">
    <ignored/>
  </testcase> <!-- test2 -->
  <testcase name="test4" time="0.0" classname="priority.TestNGGroups">
    <ignored/>
  </testcase> <!-- test4 -->
</testsuite>
